\BOOKMARK [0][-]{chapter*.1}{\376\377\000T\000\363\000m\000\040\000t\036\257\000t}{}% 1
\BOOKMARK [0][-]{chapter.1}{\376\377\000G\000i\036\333\000i\000\040\000t\000h\000i\036\307\000u}{}% 2
\BOOKMARK [1][-]{section.1.1}{\376\377\000B\036\321\000i\000\040\000c\036\243\000n\000h\000\040\000n\000g\000h\000i\000\352\000n\000\040\000c\036\351\000u}{chapter.1}% 3
\BOOKMARK [1][-]{section.1.2}{\376\377\000V\036\245\000n\000\040\001\021\036\301\000\040\000g\000\342\000y\000\040\000n\000h\000i\036\305\000u\000\040\000t\000r\000o\000n\000g\000\040\000m\036\241\000n\000g\000\040\000U\000A\000V\000-\000I\000o\000T}{chapter.1}% 4
\BOOKMARK [1][-]{section.1.3}{\376\377\001\020\036\331\000n\000g\000\040\000l\036\361\000c\000\040\000s\036\355\000\040\000d\036\345\000n\000g\000\040\000h\036\315\000c\000\040\000t\001\003\000n\000g\000\040\000c\001\260\036\335\000n\000g\000\040\001\021\000a\000\040\000t\000\341\000c\000\040\000t\036\355}{chapter.1}% 5
\BOOKMARK [1][-]{section.1.4}{\376\377\000K\000h\000o\036\243\000n\000g\000\040\000t\000r\036\321\000n\000g\000\040\000n\000g\000h\000i\000\352\000n\000\040\000c\036\351\000u}{chapter.1}% 6
\BOOKMARK [1][-]{section.1.5}{\376\377\000M\036\345\000c\000\040\000t\000i\000\352\000u\000\040\000n\000g\000h\000i\000\352\000n\000\040\000c\036\351\000u}{chapter.1}% 7
\BOOKMARK [1][-]{section.1.6}{\376\377\000P\000h\036\241\000m\000\040\000v\000i\000\040\000n\000g\000h\000i\000\352\000n\000\040\000c\036\351\000u}{chapter.1}% 8
\BOOKMARK [1][-]{section.1.7}{\376\377\001\020\000\363\000n\000g\000\040\000g\000\363\000p\000\040\000c\000h\000\355\000n\000h}{chapter.1}% 9
\BOOKMARK [1][-]{section.1.8}{\376\377\000C\036\245\000u\000\040\000t\000r\000\372\000c\000\040\000b\000\341\000o\000\040\000c\000\341\000o}{chapter.1}% 10
\BOOKMARK [0][-]{chapter.2}{\376\377\000C\001\241\000\040\000s\036\337\000\040\000l\000\375\000\040\000t\000h\000u\000y\036\277\000t\000\040\000v\000\340\000\040\000n\000g\000h\000i\000\352\000n\000\040\000c\036\351\000u\000\040\000l\000i\000\352\000n\000\040\000q\000u\000a\000n}{}% 11
\BOOKMARK [1][-]{section.2.1}{\376\377\000M\036\241\000n\000g\000\040\000U\000A\000V\000-\000I\000o\000T}{chapter.2}% 12
\BOOKMARK [1][-]{section.2.2}{\376\377\000G\000\342\000y\000\040\000n\000h\000i\036\305\000u\000\040\000v\000\340\000\040\000c\000h\036\321\000n\000g\000\040\000n\000h\000i\036\305\000u\000\040\000t\000r\000o\000n\000g\000\040\000m\036\241\000n\000g\000\040\000k\000h\000\364\000n\000g\000\040\000d\000\342\000y}{chapter.2}% 13
\BOOKMARK [1][-]{section.2.3}{\376\377\000T\000r\000u\000y\036\301\000n\000\040\000t\000h\000\364\000n\000g\000\040\000R\000F\000-\000p\000o\000w\000e\000r\000e\000d\000\040\000v\000\340\000\040\000b\000a\000c\000k\000s\000c\000a\000t\000t\000e\000r\000-\000i\000n\000s\000p\000i\000r\000e\000d}{chapter.2}% 14
\BOOKMARK [1][-]{section.2.4}{\376\377\000M\000\364\000\040\000h\000\354\000n\000h\000\040\000q\000u\000y\036\277\000t\000\040\001\021\036\313\000n\000h\000\040\000M\000a\000r\000k\000o\000v\000\040\000v\000\340\000\040\000h\036\315\000c\000\040\000t\001\003\000n\000g\000\040\000c\001\260\036\335\000n\000g}{chapter.2}% 15
\BOOKMARK [1][-]{section.2.5}{\376\377\000D\000Q\000N\000\040\000v\000\340\000\040\000D\000o\000u\000b\000l\000e\000\040\000D\000Q\000N}{chapter.2}% 16
\BOOKMARK [1][-]{section.2.6}{\376\377\000H\036\315\000c\000\040\000t\001\003\000n\000g\000\040\000c\001\260\036\335\000n\000g\000\040\000p\000h\000\342\000n\000\040\000c\036\245\000p\000\040\000v\000\340\000\040\000t\000r\036\353\000u\000\040\000t\001\260\036\343\000n\000g\000\040\000h\000\363\000a\000\040\000h\000\340\000n\000h\000\040\001\021\036\331\000n\000g}{chapter.2}% 17
\BOOKMARK [1][-]{section.2.7}{\376\377\000H\036\315\000c\000\040\000t\001\003\000n\000g\000\040\000c\001\260\036\335\000n\000g\000\040\001\021\000a\000\040\000t\000\341\000c\000\040\000t\036\355}{chapter.2}% 18
\BOOKMARK [1][-]{section.2.8}{\376\377\000Q\000M\000I\000X}{chapter.2}% 19
\BOOKMARK [1][-]{section.2.9}{\376\377\000T\036\325\000n\000g\000\040\000q\000u\000a\000n\000\040\000n\000g\000h\000i\000\352\000n\000\040\000c\036\351\000u\000\040\000l\000i\000\352\000n\000\040\000q\000u\000a\000n\000\040\000v\000\340\000\040\000k\000h\000o\036\243\000n\000g\000\040\000t\000r\036\321\000n\000g}{chapter.2}% 20
\BOOKMARK [0][-]{chapter.3}{\376\377\000M\000\364\000\040\000h\000\354\000n\000h\000\040\000h\036\307\000\040\000t\000h\036\321\000n\000g\000\040\000v\000\340\000\040\000p\000h\000\341\000t\000\040\000b\000i\036\303\000u\000\040\000b\000\340\000i\000\040\000t\000o\000\341\000n}{}% 21
\BOOKMARK [1][-]{section.3.1}{\376\377\000T\036\325\000n\000g\000\040\000q\000u\000a\000n\000\040\000h\036\307\000\040\000t\000h\036\321\000n\000g}{chapter.3}% 22
\BOOKMARK [1][-]{section.3.2}{\376\377\000M\000\364\000\040\000h\000\354\000n\000h\000\040\000d\000i\000\040\000c\000h\000u\000y\036\303\000n\000\040\000v\000\340\000\040\000h\000\340\000n\000g\000\040\001\021\036\343\000i}{chapter.3}% 23
\BOOKMARK [1][-]{section.3.3}{\376\377\000M\000\364\000\040\000h\000\354\000n\000h\000\040\000k\000\352\000n\000h\000\040\000v\000\340\000\040\000g\000\342\000y\000\040\000n\000h\000i\036\305\000u}{chapter.3}% 24
\BOOKMARK [1][-]{section.3.4}{\376\377\000N\001\003\000n\000g\000\040\000l\001\260\036\343\000n\000g\000\040\000v\000\340\000\040\000t\000r\000u\000y\036\301\000n\000\040\000t\000h\000\364\000n\000g\000\040\000b\000a\000c\000k\000s\000c\000a\000t\000t\000e\000r\000-\000i\000n\000s\000p\000i\000r\000e\000d}{chapter.3}% 25
\BOOKMARK [1][-]{section.3.5}{\376\377\000T\000r\036\241\000n\000g\000\040\000t\000h\000\341\000i\000,\000\040\000h\000\340\000n\000h\000\040\001\021\036\331\000n\000g\000\040\000v\000\340\000\040\000p\000h\036\247\000n\000\040\000t\000h\001\260\036\337\000n\000g}{chapter.3}% 26
\BOOKMARK [1][-]{section.3.6}{\376\377\000M\036\345\000c\000\040\000t\000i\000\352\000u\000\040\000t\036\321\000i\000\040\001\260\000u\000\040\000v\000\340\000\040\000c\000h\036\311\000\040\000s\036\321\000\040\001\021\000\341\000n\000h\000\040\000g\000i\000\341}{chapter.3}% 27
\BOOKMARK [0][-]{chapter.4}{\376\377\000P\000h\001\260\001\241\000n\000g\000\040\000p\000h\000\341\000p\000\040\001\021\036\301\000\040\000x\000u\036\245\000t}{}% 28
\BOOKMARK [1][-]{section.4.1}{\376\377\000T\036\325\000n\000g\000\040\000q\000u\000a\000n\000\040\000p\000i\000p\000e\000l\000i\000n\000e}{chapter.4}% 29
\BOOKMARK [1][-]{section.4.2}{\376\377\000F\000l\000a\000t\000\040\000D\000D\000Q\000N\000\040\000b\000a\000s\000e\000l\000i\000n\000e}{chapter.4}% 30
\BOOKMARK [1][-]{section.4.3}{\376\377\000T\000r\036\353\000u\000\040\000t\001\260\036\343\000n\000g\000\040\000h\000\363\000a\000\040\000h\000\340\000n\000h\000\040\001\021\036\331\000n\000g\000\040\000p\000h\000\342\000n\000\040\000c\036\245\000p}{chapter.4}% 31
\BOOKMARK [1][-]{section.4.4}{\376\377\000H\000i\000e\000r\000a\000r\000c\000h\000i\000c\000a\000l\000\040\000D\000D\000Q\000N}{chapter.4}% 32
\BOOKMARK [1][-]{section.4.5}{\376\377\000Q\000M\000I\000X\000-\000H\000i\000e\000r\000a\000r\000c\000h\000i\000c\000a\000l}{chapter.4}% 33
\BOOKMARK [1][-]{section.4.6}{\376\377\000H\000u\036\245\000n\000\040\000l\000u\000y\036\307\000n\000\040\000v\000\340\000\040\000t\000h\036\361\000c\000\040\000t\000h\000i}{chapter.4}% 34
\BOOKMARK [1][-]{section.4.7}{\376\377\000P\000s\000e\000u\000d\000o\000c\000o\000d\000e\000\040\000t\000\363\000m\000\040\000t\036\257\000t}{chapter.4}% 35
\BOOKMARK [1][-]{section.4.8}{\376\377\000T\000\363\000m\000\040\000t\036\257\000t\000\040\000p\000h\001\260\001\241\000n\000g\000\040\000p\000h\000\341\000p}{chapter.4}% 36
\BOOKMARK [0][-]{chapter.5}{\376\377\000T\000h\036\361\000c\000\040\000n\000g\000h\000i\036\307\000m\000,\000\040\000k\036\277\000t\000\040\000q\000u\036\243\000\040\000v\000\340\000\040\000t\000h\036\243\000o\000\040\000l\000u\036\255\000n}{}% 37
\BOOKMARK [1][-]{section.5.1}{\376\377\000T\000h\000i\036\277\000t\000\040\000l\036\255\000p\000\040\000t\000h\036\361\000c\000\040\000n\000g\000h\000i\036\307\000m}{chapter.5}% 38
\BOOKMARK [1][-]{section.5.2}{\376\377\000S\000o\000\040\000s\000\341\000n\000h\000\040\000t\036\325\000n\000g\000\040\000t\000h\036\303\000\040\000t\000r\000o\000n\000g\000\040\000S\000c\000e\000n\000a\000r\000i\000o\000\040\0004}{chapter.5}% 39
\BOOKMARK [1][-]{section.5.3}{\376\377\000T\000i\036\277\000n\000\040\000t\000r\000\354\000n\000h\000\040\000t\000h\000u\036\255\000t\000\040\000t\000o\000\341\000n}{chapter.5}% 40
\BOOKMARK [1][-]{section.5.4}{\376\377\036\324\000n\000\040\001\021\036\313\000n\000h\000\040\001\021\000a\000\040\000s\000e\000e\000d\000\040\000c\036\347\000a\000\040\000Q\000M\000I\000X}{chapter.5}% 41
\BOOKMARK [1][-]{section.5.5}{\376\377\000A\000b\000l\000a\000t\000i\000o\000n\000\040\000c\000\364\000n\000g\000\040\000b\036\261\000n\000g}{chapter.5}% 42
\BOOKMARK [1][-]{section.5.6}{\376\377\000T\000h\036\243\000o\000\040\000l\000u\036\255\000n}{chapter.5}% 43
\BOOKMARK [1][-]{section.5.7}{\376\377\000K\036\277\000t\000\040\000l\000u\036\255\000n}{chapter.5}% 44
\BOOKMARK [1][-]{section.5.8}{\376\377\000H\001\260\036\333\000n\000g\000\040\000p\000h\000\341\000t\000\040\000t\000r\000i\036\303\000n}{chapter.5}% 45
